<?xml version="1.0" encoding="UTF-8"?>
<testng-results ignored="0" total="1" passed="1" failed="0" skipped="0">
  <reporter-output>
  </reporter-output>
  <suite started-at="2022-03-24T03:48:31 PDT" name="Default suite" finished-at="2022-03-24T03:48:41 PDT" duration-ms="9700">
    <groups>
    </groups>
    <test started-at="2022-03-24T03:48:31 PDT" name="Default test" finished-at="2022-03-24T03:48:41 PDT" duration-ms="9700">
      <class name="com.Moving.Running">
        <test-method signature="Moving()[pri:0, instance:com.Moving.Running@120f102b]" started-at="2022-03-24T03:48:31 PDT" name="Moving" finished-at="2022-03-24T03:48:41 PDT" duration-ms="9625" status="PASS">
          <reporter-output>
          </reporter-output>
        </test-method> <!-- Moving -->
      </class> <!-- com.Moving.Running -->
    </test> <!-- Default test -->
  </suite> <!-- Default suite -->
</testng-results>
